<?xml version="1.0" encoding="UTF-8"?>
<!-- Generated by org.testng.reporters.JUnitXMLReporter -->
<testsuite ignored="0" hostname="SANDESH21" failures="0" tests="3" name="Test" time="39.922" errors="0" timestamp="2025-06-20T16:49:57 IST">
  <testcase classname="omayotestcases.HomePageVerifications" name="verifyHomepage" time="0.264"/>
  <testcase classname="omayotestcases.VerifyDropdownFunctionality" name="verifyDropdownFunctionality" time="0.318"/>
  <testcase classname="omayotestcases.VerifyValidUserLogin" name="verifyValidLogin" time="5.104"/>
</testsuite> <!-- Test -->
