<?xml version="1.0" encoding="UTF-8"?>
<!-- Generated by org.testng.reporters.JUnitXMLReporter -->
<testsuite ignored="1" hostname="SANDESH21" failures="0" tests="6" name="Test" time="23.696" errors="0" timestamp="2025-06-15T01:20:09 IST">
  <testcase classname="seleniumpractices.LoginFunctionality" name="bTest" time="0.011"/>
  <testcase classname="seleniumpractices.LoginFunctionality" name="dTest" time="0.001"/>
  <testcase classname="seleniumpractices.LoginFunctionality" name="ETest" time="0.003"/>
  <testcase classname="seleniumpractices.TestNGAnotations" name="testCase" time="0.004"/>
  <testcase classname="seleniumpractices.VerifyHomePageFunctionality" name="verifyHomePageTitle" time="0.024"/>
  <testcase classname="seleniumpractices.VerifyHomePageFunctionality" name="verifyHomePageurl" time="0.014"/>
  <testcase classname="seleniumpractices.LoginFunctionality" name="cTest" time="0.0">
    <ignored/>
  </testcase> <!-- cTest -->
</testsuite> <!-- Test -->
