<?xml version="1.0" encoding="UTF-8"?>
<testng-results ignored="0" total="3" passed="3" failed="0" skipped="0">
  <reporter-output>
  </reporter-output>
  <suite started-at="2025-06-20T16:49:17 IST" name="Suite" finished-at="2025-06-20T16:49:57 IST" duration-ms="39922">
    <groups>
      <group name="regression">
        <method signature="VerifyDropdownFunctionality.verifyDropdownFunctionality()[pri:0, instance:omayotestcases.VerifyDropdownFunctionality@6200f9cb]" name="verifyDropdownFunctionality" class="omayotestcases.VerifyDropdownFunctionality"/>
      </group> <!-- regression -->
      <group name="sanity">
        <method signature="VerifyValidUserLogin.verifyValidLogin()[pri:0, instance:omayotestcases.VerifyValidUserLogin@2002fc1d]" name="verifyValidLogin" class="omayotestcases.VerifyValidUserLogin"/>
      </group> <!-- sanity -->
    </groups>
    <test started-at="2025-06-20T16:49:17 IST" name="Test" finished-at="2025-06-20T16:49:57 IST" duration-ms="39922">
      <class name="omayotestcases.VerifyValidUserLogin">
        <test-method is-config="true" signature="setup()[pri:0, instance:omayotestcases.VerifyValidUserLogin@2002fc1d]" started-at="2025-06-20T16:49:40 IST" name="setup" finished-at="2025-06-20T16:49:51 IST" duration-ms="11271" status="PASS">
          <reporter-output>
          </reporter-output>
        </test-method> <!-- setup -->
        <test-method signature="verifyValidLogin()[pri:0, instance:omayotestcases.VerifyValidUserLogin@2002fc1d]" started-at="2025-06-20T16:49:51 IST" name="verifyValidLogin" description="Verify valid user login" finished-at="2025-06-20T16:49:56 IST" duration-ms="5104" status="PASS">
          <reporter-output>
          </reporter-output>
        </test-method> <!-- verifyValidLogin -->
        <test-method is-config="true" signature="tearDowb()[pri:0, instance:omayotestcases.VerifyValidUserLogin@2002fc1d]" started-at="2025-06-20T16:49:56 IST" name="tearDowb" finished-at="2025-06-20T16:49:57 IST" duration-ms="360" status="PASS">
          <reporter-output>
          </reporter-output>
        </test-method> <!-- tearDowb -->
      </class> <!-- omayotestcases.VerifyValidUserLogin -->
      <class name="omayotestcases.VerifyDropdownFunctionality">
        <test-method is-config="true" signature="setup()[pri:0, instance:omayotestcases.VerifyDropdownFunctionality@6200f9cb]" started-at="2025-06-20T16:49:29 IST" name="setup" finished-at="2025-06-20T16:49:39 IST" duration-ms="10471" status="PASS">
          <reporter-output>
          </reporter-output>
        </test-method> <!-- setup -->
        <test-method signature="verifyDropdownFunctionality()[pri:0, instance:omayotestcases.VerifyDropdownFunctionality@6200f9cb]" started-at="2025-06-20T16:49:39 IST" name="verifyDropdownFunctionality" description="Verify dropdown functionality" finished-at="2025-06-20T16:49:39 IST" duration-ms="318" status="PASS">
          <reporter-output>
          </reporter-output>
        </test-method> <!-- verifyDropdownFunctionality -->
        <test-method is-config="true" signature="tearDowb()[pri:0, instance:omayotestcases.VerifyDropdownFunctionality@6200f9cb]" started-at="2025-06-20T16:49:39 IST" name="tearDowb" finished-at="2025-06-20T16:49:40 IST" duration-ms="383" status="PASS">
          <reporter-output>
          </reporter-output>
        </test-method> <!-- tearDowb -->
      </class> <!-- omayotestcases.VerifyDropdownFunctionality -->
      <class name="omayotestcases.HomePageVerifications">
        <test-method is-config="true" signature="setup()[pri:0, instance:omayotestcases.HomePageVerifications@1fa121e2]" started-at="2025-06-20T16:49:17 IST" name="setup" finished-at="2025-06-20T16:49:28 IST" duration-ms="11041" status="PASS">
          <reporter-output>
          </reporter-output>
        </test-method> <!-- setup -->
        <test-method signature="verifyHomepage()[pri:0, instance:omayotestcases.HomePageVerifications@1fa121e2]" started-at="2025-06-20T16:49:28 IST" name="verifyHomepage" finished-at="2025-06-20T16:49:28 IST" duration-ms="264" status="PASS">
          <reporter-output>
          </reporter-output>
        </test-method> <!-- verifyHomepage -->
        <test-method is-config="true" signature="tearDowb()[pri:0, instance:omayotestcases.HomePageVerifications@1fa121e2]" started-at="2025-06-20T16:49:28 IST" name="tearDowb" finished-at="2025-06-20T16:49:29 IST" duration-ms="616" status="PASS">
          <reporter-output>
          </reporter-output>
        </test-method> <!-- tearDowb -->
      </class> <!-- omayotestcases.HomePageVerifications -->
    </test> <!-- Test -->
  </suite> <!-- Suite -->
</testng-results>
