<?xml version="1.0" encoding="UTF-8"?>
<!-- Generated by org.testng.reporters.JUnitReportReporter -->
<testsuite hostname="SANDESH21" failures="0" tests="2" name="seleniumpractices.VerifyHomePageFunctionality" time="23.481" errors="0" timestamp="2025-06-15T01:20:09 IST" skipped="0">
  <testcase classname="seleniumpractices.VerifyHomePageFunctionality" name="verifyHomePageTitle" time="13.883"/>
  <testcase classname="seleniumpractices.VerifyHomePageFunctionality" name="verifyHomePageurl" time="9.598"/>
</testsuite> <!-- seleniumpractices.VerifyHomePageFunctionality -->
