<?xml version="1.0" encoding="UTF-8"?>
<!-- Generated by org.testng.reporters.JUnitReportReporter -->
<testsuite hostname="SANDESH21" failures="0" tests="2" name="seleniumpractices.VerifyHomePageFunctionality" time="16.116" errors="0" timestamp="2025-06-16T01:25:59 IST" skipped="0">
  <testcase classname="seleniumpractices.VerifyHomePageFunctionality" name="verifyHomePageurl" time="9.800"/>
  <testcase classname="seleniumpractices.VerifyHomePageFunctionality" name="verifyHomePageTitle" time="6.316"/>
</testsuite> <!-- seleniumpractices.VerifyHomePageFunctionality -->
