<?xml version="1.0" encoding="UTF-8"?>
<!-- Generated by org.testng.reporters.JUnitReportReporter -->
<testsuite hostname="SANDESH21" failures="0" tests="3" name="seleniumpractices.LoginFunctionality" time="0.015" errors="0" timestamp="2025-06-15T01:20:09 IST" skipped="0">
  <testcase classname="seleniumpractices.LoginFunctionality" name="bTest" time="0.011"/>
  <testcase classname="seleniumpractices.LoginFunctionality" name="dTest" time="0.001"/>
  <testcase classname="seleniumpractices.LoginFunctionality" name="ETest" time="0.003"/>
</testsuite> <!-- seleniumpractices.LoginFunctionality -->
