<?xml version="1.0" encoding="UTF-8"?>
<!-- Generated by org.testng.reporters.JUnitReportReporter -->
<testsuite hostname="SANDESH21" failures="0" tests="4" name="seleniumpractices.LoginFunctionality" time="0.032" errors="0" timestamp="2025-06-16T01:25:59 IST" skipped="0">
  <testcase classname="seleniumpractices.LoginFunctionality" name="bTest" time="0.014"/>
  <testcase classname="seleniumpractices.LoginFunctionality" name="dTest" time="0.004"/>
  <testcase classname="seleniumpractices.LoginFunctionality" name="cTest" time="0.005"/>
  <testcase classname="seleniumpractices.LoginFunctionality" name="ETest" time="0.009"/>
</testsuite> <!-- seleniumpractices.LoginFunctionality -->
